<?xml version="1.0" encoding="UTF-8"?>
<!-- Generated by org.testng.reporters.JUnitXMLReporter -->
<testsuite ignored="0" hostname="Ashish" failures="0" tests="7" name="Test" time="48.863" errors="0" timestamp="2022-10-03T00:15:15 IST">
  <testcase classname="Sauce_Demo_TestClass.TC_04_Sauce_Demo_Verify_Products_ADDTOCART" name="Verify_SingleProduct_ADDTOCART" time="1.156"/>
  <testcase classname="Sauce_Demo_TestClass.TC_08_Sauce_demo_AddAll_product_cart" name="Verify_MultipleProduct_ADDTOCART" time="1.94"/>
  <testcase classname="Sauce_Demo_TestClass.TC_03_Sauce_Demo_Verify_FilterButton" name="_Verify_FilterButton" time="2.355"/>
  <testcase classname="Sauce_Demo_TestClass.TC_07_Sauce_Demo_Verify_RemoveProduct_CArt" name="Verify_RemoveProduct_CArt" time="2.137"/>
  <testcase classname="Sauce_Demo_TestClass.TC_02_Sauce_Demo_Verify_Login_Functionality" name="Verify_Login_Functionality" time="0.449"/>
  <testcase classname="Sauce_Demo_TestClass.TC_05_Sauce_Demo_Verify_checkout" name="Verify_checkout" time="4.446"/>
  <testcase classname="Sauce_Demo_TestClass.TC_06_Sauce_Demo_Verify_CancleCheckout" name="Verify_checkout" time="1.271"/>
</testsuite> <!-- Test -->
